




STATE :  Uttar Pradesh
Fetching info from FB Graph
2  -->  INPS Classes

3  -->  Tayal Institute Pvt. Ltd.

4  -->  Swastik Tutorials

5  -->  Niks Academy

6  -->  T.E.S.

7  -->  Career Avenues

8  -->  Education Pulse Academy

9  -->  Aggarwal Bandhu Gyan Kendra

10  -->  Nidesh Sharma Classes

11  -->  MK Mishra Classes

12  -->  JT Institute Of Commerce
	 PINCODE MATCHED ***
{
    "name": "JT Institute of Commerce", 
    "cover": {
        "source": "https://scontent.xx.fbcdn.net/v/t1.0-9/11828673_941835689208472_659501149202121517_n.jpg?oh=6d9626ad41d85ed7c3ccb6324a0737a4&oe=58679644", 
        "cover_id": "941835689208472", 
        "offset_x": 0, 
        "offset_y": 12, 
        "id": "941835689208472"
    }, 
    "link": "https://www.facebook.com/JT-Institute-of-Commerce-224149107643804/", 
    "location": {
        "city": "Agra", 
        "zip": "282001", 
        "country": "India", 
        "longitude": "78.01971", 
        "street": "madhu nagar", 
        "latitude": "27.15855"
    }, 
    "is_verified": false, 
    "id": "224149107643804"
}

13  -->  Account Palace

14  -->  Goodwill Classes
	 PINCODE MATCHED ***
{
    "website": "http://www.goodwillclasses.wordpress.com", 
    "name": "Goodwill classes", 
    "cover": {
        "source": "https://scontent.xx.fbcdn.net/v/t1.0-9/s720x720/12105923_797336567044188_5265974449022298710_n.jpg?oh=dad72ffd9e6d9d9b844c157dee4d183e&oe=589D3F92", 
        "cover_id": "797336567044188", 
        "offset_x": 0, 
        "offset_y": 42, 
        "id": "797336567044188"
    }, 
    "link": "https://www.facebook.com/gwclasses/", 
    "location": {
        "city": "Agra", 
        "zip": "282002", 
        "country": "India", 
        "longitude": "78.00826", 
        "street": "Shop no. 3, second floor, Block 10, Sanjay place", 
        "latitude": "27.20159"
    }, 
    "is_verified": false, 
    "id": "320116931432823"
}

15  -->  Excellent Educational Society

16  -->  Anus English Academy

17  -->  Success Tuition Classes

18  -->  HK Institute of Maths & Science

19  -->  Commerce Classes
	 PINCODE MATCHED ***
{
    "website": "www.schoolofcommerce.co.in", 
    "name": "Commerce Classes", 
    "cover": {
        "source": "https://scontent.xx.fbcdn.net/v/t1.0-9/s720x720/13895272_565252633656873_5175679639215380795_n.jpg?oh=92b970e244af949fc1ece312fe478185&oe=58A6EB93", 
        "cover_id": "565252633656873", 
        "offset_x": 0, 
        "offset_y": 0, 
        "id": "565252633656873"
    }, 
    "phone": "09412258460", 
    "link": "https://www.facebook.com/85commerce.classes/", 
    "location": {
        "city": "Agra", 
        "zip": "282010", 
        "country": "India", 
        "longitude": "77.984540462494", 
        "street": "85,saket colney, Above Idea office", 
        "latitude": "27.181374853753"
    }, 
    "is_verified": false, 
    "id": "467957146719756"
}

20  -->  NDCA Coaching Caenter

21  -->  Vedant NATA Coaching Classes

22  -->  Parth Classes

23  -->  Arena Animation
	 PINCODE MATCHED ***
{
    "website": "http://www.arenaagra.com", 
    "name": "Arena Animation Agra", 
    "cover": {
        "source": "https://scontent.xx.fbcdn.net/t31.0-8/s720x720/14615718_1430654000282030_7192472262527830476_o.jpg", 
        "cover_id": "1430654000282030", 
        "offset_x": 0, 
        "offset_y": 23, 
        "id": "1430654000282030"
    }, 
    "id": "154491014565008", 
    "phone": "0562 4003138", 
    "link": "https://www.facebook.com/Arena-Animation-Agra-154491014565008/", 
    "location": {
        "city": "Agra", 
        "zip": "282002", 
        "country": "India", 
        "longitude": "78.00483", 
        "street": "Sanjay Place & M G Road", 
        "latitude": "27.20233"
    }, 
    "is_verified": false, 
    "emails": [
        "info@arenaagra.com"
    ]
}

24  -->  Manoj Sharma Classes

25  -->  Ravat Kareyer Acadame

26  -->  Aptech Computer Education

27  -->  Edulife Agra

28  -->  NIIT

29  -->  Vidhyamandir Classes

30  -->  Dream Education Point

31  -->  Pratap University

32  -->  Bluesky Immigration & Student Consultancy Services Pvt. Ltd.
	 PINCODE MATCHED ***
{
    "website": "http://www.blueskyconsultancy.com", 
    "name": "Bluesky Immigration and Students Consultancy Services -India", 
    "cover": {
        "source": "https://scontent.xx.fbcdn.net/v/t1.0-9/10676345_311652645684445_4318010266876947811_n.jpg?oh=6990d880cf25f45c1391b2025c19a210&oe=5863C66F", 
        "cover_id": "311652645684445", 
        "offset_x": 57, 
        "offset_y": 0, 
        "id": "311652645684445"
    }, 
    "phone": "9871200412", 
    "link": "https://www.facebook.com/blueskystudyinaustralia/", 
    "location": {
        "city": "New Delhi", 
        "zip": "110008", 
        "country": "India", 
        "longitude": "77.16682", 
        "street": "3/8, East Patel Nagar, Behind Patel Nagar Metro Station", 
        "latitude": "28.64563"
    }, 
    "is_verified": false, 
    "id": "311652575684452"
}

33  -->  IFBI

34  -->  Career Launcher

35  -->  Academy for Competitive Examinations

36  -->  Unnati Management Collage & Technology

37  -->  Intraword

38  -->  The Gate Academy

39  -->  Resonance Eduventures Pvt. Ltd.

40  -->  Triumphant Institute of Management Education Pvt. Ltd.

41  -->  Aakash Educational Services Ltd.

42  -->  Tirupati Coaching Centre

43  -->  Babita Jain

44  -->  Himanshu Accountax Tutorials

45  -->  V.S. Saxena

46  -->  Arya Languages

47  -->  Horizon Group of Medical Education

48  -->  Saini Competition Point

49  -->  Ashutosh Gupta Educational Institute

50  -->  Kota Tutorials

51  -->  VAT Accounts Training Sansthan

52  -->  Bahikhata Sikshan Karyalaya

53  -->  Shikhar Tutorials

54  -->  Gate Knockout

55  -->  E-Pathshala Solutions

56  -->  American Institute of English Language Pvt. Ltd.

57  -->  American Institute of English Language Pvt. Ltd.

58  -->  American Institute of English Language Pvt. Ltd.

59  -->  American Institute of English Language Pvt. Ltd.

60  -->  Vinod Gupta Classes

61  -->  The Institute of Chartered Accounts of India

62  -->  SteppsTraining Solutions

63  -->  The Institute of Chartered Accounts of India

64  -->  Hind Defence Academy

65  -->  Agra Career Shaper

66  -->  Scholars British

67  -->  Commerce Arena

68  -->  DMANDRIN Foreign Language Center

69  -->  Dronacharya Institute of Engineers Agra

70  -->  ST. Catherine Institute of Management & Technology

71  -->  IMS Learning Resource Pvt. Ltd.

72  -->  Anas Ali Khan Marcketing

73  -->  JD Career Designer

74  -->  shiksha- The Commerce Classes
	 PINCODE MATCHED ***
{
    "name": "Shiksha - The Commerce Classes", 
    "cover": {
        "source": "https://scontent.xx.fbcdn.net/v/t1.0-9/s720x720/10574246_738741762853197_7690097008231717933_n.jpg?oh=113605c07ce749b2e093bee815d80d81&oe=586DD6E9", 
        "cover_id": "738741762853197", 
        "offset_x": 0, 
        "offset_y": 0, 
        "id": "738741762853197"
    }, 
    "id": "736491426411564", 
    "phone": "9690580001", 
    "link": "https://www.facebook.com/shikshatcc/", 
    "location": {
        "city": "Agra", 
        "zip": "282005", 
        "country": "India", 
        "longitude": "78.02", 
        "street": "Sarla Bagh, Dayalbagh", 
        "latitude": "27.18"
    }, 
    "is_verified": false, 
    "emails": [
        "shikshatcc@solution4u.com"
    ]
}

75  -->  Rudransh Tutorials

76  -->  Firefly E-Ventures Ltd.

77  -->  Horizon Classes

78  -->  Dr Rekha physics classes


New Info Added from Facebook
Details:1 Facebook Link:9 Cover:8 
Website:3 Pincode:0 Address:1 Images:9 Verified 0/9 Phone:7 Emails:2

MATCHED :  6
PROBABLE :  3
NO MATCH :  68
