




STATE :  Maharashtra
Fetching info from FB Graph
2  -->  Robomate Plus
	QUERY :  Robomate Plus

3  -->  Gurukrupa Academy Pvt. Ltd.
	QUERY :  Gurukrupa Academy Pvt. Ltd.

4  -->  ICES - Innovative & Creative Education Solution
	QUERY :  ICES - Innovative & Creative Education Solution

5  -->  Suyash Study Centre
	QUERY :  Suyash Study Centre

6  -->  ISC  Indian School of Commerce
	QUERY :  ISC  Indian School of Commerce

7  -->  Sunshine Tutorials
	QUERY :  Sunshine Tutorials
	 PINCODE MATCHED ***
{
    "website": "http://www.sunshinetutorials.com", 
    "description": "Sunshine Tutorials Nagpur provides qualified and experienced Teachers Male Female at your Home for KG to 12th All Boards Science Commerce . Also for Engineering, Poly, BCA, BCCA, BSc, BCom, BBA, MBA, BA, CA, CS, Computers, Sanskrit etc. Contact Sunshine Tutorials Nagpur at 9021883735 between 10am to 6pm", 
    "id": "134233496740010", 
    "phone": "9021883735", 
    "link": "https://www.facebook.com/HomeTuitionsInNagpur/", 
    "location": {
        "city": "Nagpur", 
        "zip": "440010", 
        "country": "India", 
        "longitude": "79.065449237823", 
        "street": "Dharampeth", 
        "latitude": "21.140468528114"
    }, 
    "is_verified": false, 
    "emails": [
        "smitasclasses@gmail.com"
    ], 
    "name": "Sunshine Tutorials, Nagpur"
}

8  -->  Valmiki Foreign Education Service
	QUERY :  Valmiki Foreign Education Service
	 PINCODE MATCHED ***
{
    "website": "http://www.valmikiedu.org", 
    "description": " At VFES, we understand that when dealing with foreign education the entire process from selecting the right country and institution to finally attending your first day at the institute, is a long and arduous one comprising of a multitude of tasks. The sheer number of these tasks can be confusing without even getting into the minute requisites for each task. The gamut of services available at VFES ensures that every student\u2019s journey to their dream study destination requires no assistance, other than ours. The range of services can broadly be classified as under:\n\nIdentification of suitable country, university, and college as per student\u2019s wish and capabilities.\n\nAssistance with securing admissions\n\nAssistance in document preparation for admission\n\nAssistance in ensuring error-free applications and their timely submission\n\nMaintaining contact with institutes and taking follow-ups\n\nAssistance with monetary constraints\n\nIdentifying scholarship opportunities and submitting applications\n\nAssistance with securing international education loans\n\nCoaching for qualifying examinations such as GRE, IELTS, TOEFL, GMAT, and SAT\n\nComplete visa assistance from application preparation and submission to interview preparation and mock interviews.\n\nAssistance with pre-departure tasks\n\nAcquiring international student ID card\n\nConnect with reliable FOREX providers\n\nConnect with reliable travel and medical insurance providers\n\nAccommodation assistance at the place of study\n\nIntensive pre-departure orientations to familiarize students to the culture and customs of the new environment\n", 
    "cover": {
        "source": "https://scontent.xx.fbcdn.net/v/t1.0-9/s720x720/14457301_584442625090911_6928460102606173505_n.jpg?oh=5285be1c1c61d592f5c26cdbf816e399&oe=586771D2", 
        "cover_id": "584442625090911", 
        "offset_x": 1200, 
        "offset_y": 0, 
        "id": "584442625090911"
    }, 
    "id": "477778022424039", 
    "phone": "09049352525/9373705454", 
    "link": "https://www.facebook.com/Define.Valmiki.Nagpur/", 
    "location": {
        "city": "Nagpur", 
        "zip": "440016", 
        "country": "India", 
        "longitude": "79.01169", 
        "street": "402, 4th Floor , Royal Rudra, Wasudeo Nagar, Near Hingna T-Point,", 
        "latitude": "21.1151899"
    }, 
    "is_verified": false, 
    "emails": [
        "nagpur@valmikiedu.org"
    ], 
    "name": "Valmiki Foreign Education Services - Define Nagpur"
}

9  -->  Attitudes & Wesome
	QUERY :  Attitudes & Wesome

10  -->  Angrezi 2 English
	QUERY :  Angrezi 2 English
	 PINCODE MATCHED ***
{
    "description": "This is an initiative taken in pursuance of our passion for the global language- English & our love to to teach it. We offer spoken English classes to all, right from the very young school children to working professionals. Just about anybody can make use of our services. ", 
    "cover": {
        "source": "https://scontent.xx.fbcdn.net/t31.0-8/s720x720/412725_492780907431950_1736124820_o.jpg", 
        "cover_id": "492780907431950", 
        "offset_x": 0, 
        "offset_y": 94, 
        "id": "492780907431950"
    }, 
    "id": "492776407432400", 
    "phone": "09850699092", 
    "link": "https://www.facebook.com/Angrezi-2-English-492776407432400/", 
    "location": {
        "city": "Nagpur", 
        "zip": "440010", 
        "country": "India", 
        "longitude": "79.272059936523", 
        "street": "1086, J.B.Thakkar Marg, near Syndicate Bank, Opp. G.S.College, Gorepeth", 
        "latitude": "21.070600690375"
    }, 
    "is_verified": false, 
    "emails": [
        "angrezi2english@gmail.com"
    ], 
    "name": "Angrezi 2 English"
}

11  -->  IES Share Market Training Institute
	QUERY :  IES Share Market Training Institute
	 PINCODE MATCHED ***
{
    "website": "http://www.purensuremoney.com", 
    "description": "In our country even 1% people are not financially literate. Our mission is to improve this proportion through our program up to 25% till 2020. Improve financial literacy in the fastest growing INDIA is the mandate for our Institute.", 
    "cover": {
        "source": "https://scontent.xx.fbcdn.net/t31.0-0/p180x540/11194537_794798053931175_8901010580277223741_o.jpg", 
        "cover_id": "794798053931175", 
        "offset_x": 0, 
        "offset_y": 39, 
        "id": "794798053931175"
    }, 
    "id": "442764329134551", 
    "phone": "9822718163", 
    "link": "https://www.facebook.com/IesShareMarketTrainingInstitute/", 
    "location": {
        "city": "Nagpur", 
        "zip": "440025", 
        "country": "India", 
        "longitude": "79.065808792114", 
        "street": "86, Kannamwar Nagar,Near Hotel Pride, Wardha Road", 
        "latitude": "21.088620273133"
    }, 
    "is_verified": false, 
    "emails": [
        "sarprashant@yahoo.com"
    ], 
    "name": "IES Share Market Training Institute"
}

12  -->  Vikalp Education
	QUERY :  Vikalp Education
	 PINCODE MATCHED ***
{
    "website": "http://onlinevikalp.com http://managementvikalp.com", 
    "description": "The pressure to perform well in the exam is ever-increasing. So how can students get an edge in such a competitive scenario?\n\nVikalp Education is introducing Online Vikalp for Engineering, Graduate, Postgraduate students. Online test provides an easy to use experience for examinees to steer their preparation in the most accurate direction. The ease to use and the security features make it a state of the art tool for replacing the conventional modes of examination and assessment.", 
    "cover": {
        "source": "https://scontent.xx.fbcdn.net/v/t1.0-9/s720x720/13590310_1133612506677269_5199318092573334139_n.jpg?oh=7b5717a9ec1eb478094d8160e28e7f00&oe=58602BBF", 
        "cover_id": "1133612506677269", 
        "offset_x": 0, 
        "offset_y": 0, 
        "id": "1133612506677269"
    }, 
    "id": "692428240795700", 
    "phone": "9819151836", 
    "link": "https://www.facebook.com/onlinevikalp/", 
    "location": {
        "latitude": "21.07", 
        "city": "Nagpur", 
        "zip": "440009", 
        "longitude": "79.27", 
        "country": "India"
    }, 
    "is_verified": false, 
    "emails": [
        "onlinevikalp@gmail.com"
    ], 
    "name": "Online Vikalp"
}

13  -->  I.B.T. Institute
	QUERY :  I.B.T. Institute

14  -->  Gee Bee Education
	QUERY :  Gee Bee Education

15  -->  T.I.M.E (U.G)
	QUERY :  T.I.M.E (U.G)

16  -->  Education Creed
	QUERY :  Education Creed

17  -->  Pragatis CBSE & ICSE Coaching Classes
	QUERY :  Pragatis CBSE & ICSE Coaching Classes

18  -->  Tayal Institute Pvt. Ltd.
	QUERY :  Tayal Institute Pvt. Ltd.

19  -->  Cadence Academy
	QUERY :  Cadence Academy

20  -->  Aim High
	QUERY :  Aim High

21  -->  Niks Academy
	QUERY :  Niks Academy

22  -->  Akash Educational Academy
	QUERY :  Akash Educational Academy

23  -->  Arya Maths Classes
	QUERY :  Arya Maths Classes

24  -->  Pragati Institute of Engineering Technology
	QUERY :  Pragati Institute of Engineering Technology

25  -->  Professor Mohod Engineering Academy
	QUERY :  Professor Mohod Engineering Academy

26  -->  Rajiv Sir
	QUERY :  Rajiv Sir

27  -->  Surabhi Tuition Classes
	QUERY :  Surabhi Tuition Classes

28  -->  Tuition Point
	QUERY :  Tuition Point

29  -->  Sneha Tution Classes
	QUERY :  Sneha Tution Classes

30  -->  progress classes
	QUERY :  progress classes

31  -->  Sai Institute Of Compitetive Studies
	QUERY :  Sai Institute Of Compitetive Studies

32  -->  Fiitjee Ltd.
	QUERY :  Fiitjee Ltd.

33  -->  T.E.S.
	QUERY :  T.E.S.

34  -->  Sakhi Hobby Creation
	QUERY :  Sakhi Hobby Creation

35  -->  Cavalier India
	QUERY :  Cavalier India

36  -->  Ameen Coaching
	QUERY :  Ameen Coaching

37  -->  Share Market Coach
	QUERY :  Share Market Coach

38  -->  Ace Pro Academy
	QUERY :  Ace Pro Academy

39  -->  Institute of Banking Finance & Soft Skills
	QUERY :  Institute of Banking Finance & Soft Skills

40  -->  Unique Academy
	QUERY :  Unique Academy

41  -->  Sharda Classes
	QUERY :  Sharda Classes

42  -->  Bulls Eye
	QUERY :  Bulls Eye

43  -->  Sai Softech & Tutorials
	QUERY :  Sai Softech & Tutorials

44  -->  Alpha Learning
	QUERY :  Alpha Learning

45  -->  Ice Gate Institute
	QUERY :  Ice Gate Institute
	 PINCODE MATCHED ***
{
    "website": "http://icegateinstitute.com/", 
    "description": "About Us:\n\nStarted by a bunch of academicians passed out of premier institutes like IISc, IIT, and IIM, I.C.E Gate Institute is one of the best GATE coaching institutes in India. Focused GATE aspirants become a part of I.C.E because of highly experienced faculty pool from IIT's and IISc's. We make sure students' future is in the right hands and do not compromise with quality of training and education.\n\n\nOur belief:\nUnlike many other institutes, we just don't believe in throwing education on students. Hectic schedules, back-to-back lectures, book-based knowledge is not our cup of tea - at all. We believe in step by step teaching methodology and comprehensive preparation. By aiding students with flexible online tools, mock tests, problem-solving classes along with books, we enable them to stand neck to neck with Gate toppers of India. Regular motivational sessions experienced mentors helps students keep the flame of winning, alive.\n\nVisit us: www.icegateinstitute.com", 
    "cover": {
        "source": "https://scontent.xx.fbcdn.net/v/t1.0-9/s720x720/10505367_677057192343215_566031054804756069_n.png?oh=16d814a6fee0438b5c23fc50e0bf0e79&oe=58A62BB4", 
        "cover_id": "677057192343215", 
        "offset_x": 0, 
        "offset_y": 0, 
        "id": "677057192343215"
    }, 
    "id": "656760917706176", 
    "phone": "08888484828", 
    "link": "https://www.facebook.com/icegateinstitute/", 
    "location": {
        "city": "Nagpur", 
        "zip": "440010", 
        "country": "India", 
        "longitude": "79.0582733", 
        "street": "ICE GATE Institute, Plot No. 1, Khare Town, Behind Punit Super Bazaar, Near Chhoti Lahoree, Dharampeth, Nagpur.", 
        "latitude": "21.1355591"
    }, 
    "is_verified": false, 
    "emails": [
        "online@icegateacademy.com"
    ], 
    "name": "ICE GATE"
}

46  -->  Titans Learning Pvt. Ltd.
	QUERY :  Titans Learning Pvt. Ltd.

47  -->  BSC Academy
	QUERY :  BSC Academy

48  -->  THE COMPETITIVE SOLUTIONS
	QUERY :  THE COMPETITIVE SOLUTIONS

49  -->  Auxano Edutech
	QUERY :  Auxano Edutech

50  -->  Atlanta Institute
	QUERY :  Atlanta Institute

51  -->  Defence Career Academy
	QUERY :  Defence Career Academy

52  -->  Adersh Coching Classes
	QUERY :  Adersh Coching Classes

53  -->  Anuradha Tuition Classes
	QUERY :  Anuradha Tuition Classes

54  -->  Atharva Tuition Classes
	QUERY :  Atharva Tuition Classes

55  -->  Bhattacharya Mathematical Academy
	QUERY :  Bhattacharya Mathematical Academy

56  -->  Biocareers
	QUERY :  Biocareers

57  -->  British Academy
	QUERY :  British Academy

58  -->  Cambridge Council
	QUERY :  Cambridge Council

59  -->  Career Forum
	QUERY :  Career Forum

60  -->  Career Launcher
	QUERY :  Career Launcher

61  -->  Carrier Lancher
	QUERY :  Carrier Lancher

62  -->  IMS Learning Resource Pvt. Ltd.
	QUERY :  IMS Learning Resource Pvt. Ltd.

63  -->  Chate Coaching Classes Pvt. Ltd.
	QUERY :  Chate Coaching Classes Pvt. Ltd.

64  -->  Childrens Hobby Classes
	QUERY :  Childrens Hobby Classes

65  -->  City Computer
	QUERY :  City Computer

66  -->  Confidence Foundation
	QUERY :  Confidence Foundation

67  -->  Daswani Classes Ltd. (Kota)
	QUERY :  Daswani Classes Ltd. (Kota)

68  -->  Deendayal Research Institute
	QUERY :  Deendayal Research Institute

69  -->  Diwe Commerce Class
	QUERY :  Diwe Commerce Class

70  -->  Gade Sirs Mangesh Tutorials
	QUERY :  Gade Sirs Mangesh Tutorials

71  -->  Geeta`s English Institute
	QUERY :  Geeta`s English Institute
	 PINCODE MATCHED ***
{
    "website": "http://www.geetasenglishinstitute.com", 
    "name": "Geeta's English Institute", 
    "cover": {
        "source": "https://scontent.xx.fbcdn.net/t31.0-8/q84/s720x720/13490598_881712755270963_6160797177756773115_o.jpg", 
        "cover_id": "881712755270963", 
        "offset_x": 0, 
        "offset_y": 50, 
        "id": "881712755270963"
    }, 
    "phone": "9372356677", 
    "link": "https://www.facebook.com/Geetas-English-Institute-695122603929980/", 
    "location": {
        "city": "Nagpur", 
        "zip": "440010", 
        "country": "India", 
        "longitude": "79.06841", 
        "street": "1 East High Court Road", 
        "latitude": "21.13484"
    }, 
    "is_verified": false, 
    "id": "695122603929980"
}

72  -->  Gharpure`s Commerce Classes
	QUERY :  Gharpure`s Commerce Classes

73  -->  Guidance Point
	QUERY :  Guidance Point
	 PINCODE MATCHED ***
{
    "website": "http://www.guidancepoint.co.in", 
    "name": "Guidance POINT", 
    "cover": {
        "source": "https://scontent.xx.fbcdn.net/t31.0-8/s720x720/13221151_126655327750416_511175975855208428_o.jpg", 
        "cover_id": "126655327750416", 
        "offset_x": 0, 
        "offset_y": 83, 
        "id": "126655327750416"
    }, 
    "link": "https://www.facebook.com/Guidance-POINT-126646811084601/", 
    "location": {
        "city": "Nagpur", 
        "zip": "440010", 
        "country": "India", 
        "longitude": "79.0554499", 
        "street": "dharampeth khare town", 
        "latitude": "21.1311"
    }, 
    "is_verified": false, 
    "id": "126646811084601"
}

74  -->  H R Marketing & Educational Services
	QUERY :  H R Marketing & Educational Services

75  -->  Harihar Accountancy Classes
	QUERY :  Harihar Accountancy Classes

76  -->  Harmony Training Centre
	QUERY :  Harmony Training Centre

77  -->  Shreya Creation
	QUERY :  Shreya Creation

78  -->  Confidence Foundation Spoken English & Personalty Development Classes
	QUERY :  Confidence Foundation Spoken English & Personalty Development Classes

79  -->  Inspire Learning School
	QUERY :  Inspire Learning School

80  -->  Iqbal Coaching Classes
	QUERY :  Iqbal Coaching Classes

81  -->  Jaiswal Tuition Classes
	QUERY :  Jaiswal Tuition Classes

82  -->  Jog English Classes
	QUERY :  Jog English Classes

83  -->  Kgn Engineering Coaching Centre
	QUERY :  Kgn Engineering Coaching Centre

84  -->  Khirwadkar Institute For Technological Excellence
	QUERY :  Khirwadkar Institute For Technological Excellence

85  -->  Learning Tree
	QUERY :  Learning Tree

86  -->  Maths Clinic
	QUERY :  Maths Clinic

87  -->  Mindspace Institute
	QUERY :  Mindspace Institute

88  -->  N K Tuition Classes
	QUERY :  N K Tuition Classes

89  -->  Nanote Motharkar Tuition Classes
	QUERY :  Nanote Motharkar Tuition Classes

90  -->  Nozomi Infotech Pvt. Ltd.
	QUERY :  Nozomi Infotech Pvt. Ltd.

91  -->  Oxford Academy
	QUERY :  Oxford Academy
	 PINCODE MATCHED ***
{
    "website": "http://oxfordindia.com", 
    "name": "Oxford Speakers' Academy", 
    "cover": {
        "source": "https://scontent.xx.fbcdn.net/t31.0-8/s720x720/901112_105195283008818_1548564076_o.jpg", 
        "cover_id": "105195283008818", 
        "offset_x": 0, 
        "offset_y": 36, 
        "id": "105195283008818"
    }, 
    "id": "104995149695498", 
    "link": "https://www.facebook.com/OxfordSpeakersAcademy/", 
    "location": {
        "city": "Nagpur", 
        "zip": "440012", 
        "country": "India", 
        "longitude": "79.08251", 
        "street": "1st floor, Khullar Chambers, Munje square, sitaburdi", 
        "latitude": "21.14151"
    }, 
    "is_verified": false, 
    "emails": [
        "oxford.india@yahoo.co.in"
    ]
}

92  -->  Oxford Speakers Academy
	QUERY :  Oxford Speakers Academy

93  -->  Pragya Classes
	QUERY :  Pragya Classes

94  -->  Pro C Education Pvt. Ltd.
	QUERY :  Pro C Education Pvt. Ltd.

95  -->  Sachdeva New P T College/Sachdeva Iit Academy
	QUERY :  Sachdeva New P T College/Sachdeva Iit Academy

96  -->  Sachin Coaching Classes
	QUERY :  Sachin Coaching Classes

97  -->  Scholars Coaching Classes
	QUERY :  Scholars Coaching Classes

98  -->  Shree Coaching Classes
	QUERY :  Shree Coaching Classes

99  -->  Spardha Pariksha Margdarshan
	QUERY :  Spardha Pariksha Margdarshan

100  -->  Sphoorthi Tuitions Classes
	QUERY :  Sphoorthi Tuitions Classes

101  -->  Triumphant Institute of Management Education Pvt. Ltd.
	QUERY :  Triumphant Institute of Management Education Pvt. Ltd.

102  -->  Tulja Tutorials
	QUERY :  Tulja Tutorials

103  -->  Unique Tuition Classes
	QUERY :  Unique Tuition Classes

104  -->  Vedic Mathematics
	QUERY :  Vedic Mathematics

105  -->  Vidarbha Accounting Academy
	QUERY :  Vidarbha Accounting Academy

106  -->  Vidarbha Study Circle
	QUERY :  Vidarbha Study Circle

107  -->  Vidharbha Professional Acedamy
	QUERY :  Vidharbha Professional Acedamy

108  -->  Vidya Sagar Classes
	QUERY :  Vidya Sagar Classes

109  -->  Vidyasagar Classes
	QUERY :  Vidyasagar Classes

110  -->  Vijaylaxmi Rangoli
	QUERY :  Vijaylaxmi Rangoli

111  -->  Winner Vision
	QUERY :  Winner Vision

112  -->  Yashshree Competition Zone
	QUERY :  Yashshree Competition Zone

113  -->  Yukti Educational Services Pvt. Ltd.
	QUERY :  Yukti Educational Services Pvt. Ltd.

114  -->  Aloha English Smart
	QUERY :  Aloha English Smart

115  -->  Arun Tutorial
	QUERY :  Arun Tutorial

116  -->  Gadkari Maths Classes
	QUERY :  Gadkari Maths Classes

117  -->  Gandhes Commerce Classes
	QUERY :  Gandhes Commerce Classes

118  -->  Global Spoken English Calsses
	QUERY :  Global Spoken English Calsses

119  -->  Iit Home
	QUERY :  Iit Home
	 PINCODE MATCHED ***
{
    "website": "www.true-education.org", 
    "name": "IIT-Home", 
    "id": "594499343908923", 
    "phone": "0712-2540296/242", 
    "link": "https://www.facebook.com/IIT-Home-594499343908923/", 
    "location": {
        "city": "Nagpur", 
        "zip": "440010", 
        "country": "India", 
        "longitude": "79.27", 
        "street": "15, NEW RAMDASPETH, NEAR KACHIPURA GARDEN, EAST HIGH COURT ROAD", 
        "latitude": "21.07"
    }, 
    "is_verified": false, 
    "emails": [
        "iithome_india@rediffmail.com"
    ]
}

120  -->  Mahila Kala Niketan
	QUERY :  Mahila Kala Niketan

121  -->  Partho Engineering Classes
	QUERY :  Partho Engineering Classes

122  -->  Perfect Spoken English & Personality Development Institute
	QUERY :  Perfect Spoken English & Personality Development Institute
	 PINCODE MATCHED ***
{
    "description": "Perfect Spoken English and Personality Development Institute (since 1986 with money back guarantee)offers tailored  and intensive courses IN \u2013\n\n\u2022\tBasic English\n\u2022\tAdvance English\n\u2022\tWritten English\n\u2022\tSpoken English.\n\u2022\tBusiness communicative English.\n\u2022\tLinguistic and Phonetics training (accent training).\n\u2022\tSoft skill training and\n\u2022\tcampus recruitment training.\nIt offers its services in group and private from school going child studying in 1st std. to the corporate world. IT sectors, hospitals, colleges, and schools. Get in touch for classes, tailored training or for FRANCHISE at 9823050567 9405143875 ( sudhaagrawal12@gmail.com) at Mhada complex, Amravati road, near Bhole petrol pump, civil lines, NAGPUR. 440 001\n", 
    "cover": {
        "source": "https://scontent.xx.fbcdn.net/t31.0-0/p180x540/277947_453626251365191_482690871_o.jpg", 
        "cover_id": "453626251365191", 
        "offset_x": 0, 
        "offset_y": 30, 
        "id": "453626251365191"
    }, 
    "id": "451800848214398", 
    "phone": "9823050567", 
    "link": "https://www.facebook.com/PerfectAcademy/", 
    "location": {
        "city": "Nagpur", 
        "zip": "440001", 
        "country": "India", 
        "longitude": "79.07752", 
        "street": "civil lines", 
        "latitude": "21.14873"
    }, 
    "is_verified": false, 
    "emails": [
        "sudhaagrawal12@gmail.com"
    ], 
    "name": "Perfect Spoken English and Personality Development"
}

123  -->  Sharma Classes (Engn Drawing)
	QUERY :  Sharma Classes (Engn Drawing)

124  -->  Shriram Sanskrit Classes
	QUERY :  Shriram Sanskrit Classes

125  -->  Surbhi Kala Prashikshan Sanstha
	QUERY :  Surbhi Kala Prashikshan Sanstha

126  -->  Suyash Study Centre/Om Diet Clinic
	QUERY :  Suyash Study Centre/Om Diet Clinic

127  -->  Sneha Coaching Classes
	QUERY :  Sneha Coaching Classes

128  -->  EDSTAR
	QUERY :  EDSTAR

129  -->  Designo Mediaworks Pvt. Ltd.
	QUERY :  Designo Mediaworks Pvt. Ltd.

130  -->  Fun Filled Summer Camp
	QUERY :  Fun Filled Summer Camp

131  -->  Nesnv
	QUERY :  Nesnv

132  -->  Prakash Institute
	QUERY :  Prakash Institute

133  -->  Rims Academy
	QUERY :  Rims Academy

134  -->  Guidance Center
	QUERY :  Guidance Center

135  -->  Grace Academy
	QUERY :  Grace Academy

136  -->  Momentum
	QUERY :  Momentum

137  -->  Alka`s Cooking Classes
	QUERY :  Alka`s Cooking Classes

138  -->  Shree Shivmhan Band Party
	QUERY :  Shree Shivmhan Band Party

139  -->  Sana Music
	QUERY :  Sana Music

140  -->  Uniiversal Coaching Classes
	QUERY :  Uniiversal Coaching Classes

141  -->  Bonsaii
	QUERY :  Bonsaii

142  -->  The Nis Academy
	QUERY :  The Nis Academy

143  -->  Prajakta Joshi
	QUERY :  Prajakta Joshi

144  -->  Sherwoods Academy Of The Art Of Spoken English
	QUERY :  Sherwoods Academy Of The Art Of Spoken English

145  -->  Education Planet
	QUERY :  Education Planet

146  -->  Shwetas Kids Academy
	QUERY :  Shwetas Kids Academy

147  -->  Premier Academy For Administrative Services
	QUERY :  Premier Academy For Administrative Services
	 PINCODE MATCHED ***
{
    "website": "http://upscmpsc.com", 
    "description": "To offer Coaching for Administrative Services that will Assist and empower People and Businesses to grow in knowledge, Skills, Performance as well as service delivery and to provide a foundation for future growth and development. The focus of the institution has been remained towards the student servicing and is purely a service provider company for so long. So, we know the requirements and expectations of the educational sector. As you all know that the coaching also belongs to the service industry, We do not have any product but to sell our skills and we are masters in service industry. We are equipped with best infrastructure and highly qualified and dedicated faculty to guide our students.  It is also kept in mind to keep our students satisfied in all respects while studying in our institute, whether it is accommodation provisions or faculties ability to convert difficult issues into smaller ones or aspic needs of the studying students. The institute is started with the philosophy that success lies on having dare so we are searching students who are ready for hard work and passionate to get success. Quality teaching and individual caring is the hallmark of the academy.\n\nA team of well established Faculty and Staff members having experience of the industry are here to Shape the Talent into Success. We would also like to mention that making money is not at all our priority as the institution. Keeping the above traits as the criteria, we have been following and striving to improve upon our system of guidance in such a way that it would bring out the best in a candidate so that he could compete successfully in the Civil Services Examination. We are addressed as a central India's reputed institution for providing IAS,IPS,IFoS,Banking,PO and Railway officers. ", 
    "cover": {
        "source": "https://scontent.xx.fbcdn.net/v/t1.0-9/s720x720/1937020_1018768784833090_6840990912870076833_n.jpg?oh=6edf86dc7255945118b368bb3b52abc9&oe=58631A57", 
        "cover_id": "1018768784833090", 
        "offset_x": 0, 
        "offset_y": 0, 
        "id": "1018768784833090"
    }, 
    "link": "https://www.facebook.com/paas.nagpur/", 
    "location": {
        "latitude": "21.07", 
        "city": "Nagpur", 
        "zip": "440010", 
        "longitude": "79.27", 
        "country": "India"
    }, 
    "is_verified": false, 
    "id": "772224942820810", 
    "name": "Premier Academy For Administrative Services"
}

148  -->  Sunshine Tutorials
	QUERY :  Sunshine Tutorials
	 PINCODE MATCHED ***
{
    "website": "http://www.sunshinetutorials.com", 
    "description": "Sunshine Tutorials Nagpur provides qualified and experienced Teachers Male Female at your Home for KG to 12th All Boards Science Commerce . Also for Engineering, Poly, BCA, BCCA, BSc, BCom, BBA, MBA, BA, CA, CS, Computers, Sanskrit etc. Contact Sunshine Tutorials Nagpur at 9021883735 between 10am to 6pm", 
    "id": "134233496740010", 
    "phone": "9021883735", 
    "link": "https://www.facebook.com/HomeTuitionsInNagpur/", 
    "location": {
        "city": "Nagpur", 
        "zip": "440010", 
        "country": "India", 
        "longitude": "79.065449237823", 
        "street": "Dharampeth", 
        "latitude": "21.140468528114"
    }, 
    "is_verified": false, 
    "emails": [
        "smitasclasses@gmail.com"
    ], 
    "name": "Sunshine Tutorials, Nagpur"
}

149  -->  Madhur Classes
	QUERY :  Madhur Classes

150  -->  I.T.M. Executive Education Centre
	QUERY :  I.T.M. Executive Education Centre

151  -->  Aakash
	QUERY :  Aakash

152  -->  Institute of Engineering
	QUERY :  Institute of Engineering

153  -->  Prime Training Services Pvt. Ltd.
	QUERY :  Prime Training Services Pvt. Ltd.

154  -->  IES Super30
	QUERY :  IES Super30

155  -->  Intraword
	QUERY :  Intraword

156  -->  Alliance Infospace Academy
	QUERY :  Alliance Infospace Academy
	 PINCODE MATCHED ***
{
    "website": "http://allianceinfospace.com", 
    "name": "Alliance Infospace Academy", 
    "cover": {
        "source": "https://scontent.xx.fbcdn.net/v/l/t1.0-9/s720x720/993047_148339212043744_1560281646_n.png?oh=0c4d764b13969ea144a3ffcefa9a923f&oe=589FB936", 
        "cover_id": "148339212043744", 
        "offset_x": 0, 
        "offset_y": 0, 
        "id": "148339212043744"
    }, 
    "id": "137879859756346", 
    "phone": "0712-6455333,6455444", 
    "link": "https://www.facebook.com/Alliance.Infospace.Academy/", 
    "location": {
        "city": "Nagpur", 
        "zip": "440010", 
        "country": "India", 
        "longitude": "79.27", 
        "street": "Plot No.381, 2nd & 3rd Floor, Panchasheel Vachanalaya (Library), Hill Road, Gandhinagar", 
        "latitude": "21.07"
    }, 
    "is_verified": false, 
    "emails": [
        "aianagpur@gmail.com"
    ]
}

157  -->  Yashshree Competition Zone
	QUERY :  Yashshree Competition Zone
	 PINCODE MATCHED ***
{
    "website": "http://www.yczbankexams.com", 
    "description": "Yashshree Competition Zone provides rigorous and comprehensive coaching for IBPS. BANK PO, SSC & CSAT Exams\n\nYashshree Competition Zone (YCZ) firmly believes that \u201cKnowledge is power\u201d In the present scenario of dynamic and ever growing Public/Govt. sector, there is always demand for right candidates. \n\nOur vision is therefore aimed at helping the aspiring student to be successful in their competitive exams and transform the student in a \u201cRight Candidate\u201d", 
    "cover": {
        "source": "https://scontent.xx.fbcdn.net/v/t1.0-9/s720x720/11128386_803671366368917_423220052834814899_n.png?oh=2a2388e55e376901e09fd412bf8a3557&oe=58A29725", 
        "cover_id": "803671366368917", 
        "offset_x": 0, 
        "offset_y": 75, 
        "id": "803671366368917"
    }, 
    "id": "364703340265724", 
    "phone": "07126509424", 
    "link": "https://www.facebook.com/ycz.net/", 
    "location": {
        "city": "Nagpur", 
        "zip": "440010", 
        "country": "India", 
        "longitude": "79.0757599", 
        "street": "Bhagini Mandal, North Ambazari Road, Sitabuldi, Nagpur", 
        "latitude": "21.1400108"
    }, 
    "is_verified": false, 
    "emails": [
        "sushantbhagat7@gmail.com"
    ], 
    "name": "Yashshree Competition Zone"
}

158  -->  Resonance Eduventures Pvt. Ltd.
	QUERY :  Resonance Eduventures Pvt. Ltd.

159  -->  Unique Academy
	QUERY :  Unique Academy

160  -->  Resonance Eduventures Pvt. Ltd.
	QUERY :  Resonance Eduventures Pvt. Ltd.

161  -->  Career Launcher
	QUERY :  Career Launcher

162  -->  Bansal Coaching
	QUERY :  Bansal Coaching

163  -->  Vidyalankar Classes
	QUERY :  Vidyalankar Classes

164  -->  Adarsh Coaching Classes
	QUERY :  Adarsh Coaching Classes

165  -->  Engineering & Medical Technical Education Guidance Centre
	QUERY :  Engineering & Medical Technical Education Guidance Centre

166  -->  Calibers Nova
	QUERY :  Calibers Nova
	 PINCODE MATCHED ***
{
    "website": "http://www.calibersnova.com/", 
    "description": "Educational Institute", 
    "cover": {
        "source": "https://scontent.xx.fbcdn.net/t31.0-8/q81/s720x720/13244077_1187912567909216_2098169052875896608_o.jpg", 
        "cover_id": "1187912567909216", 
        "offset_x": 0, 
        "offset_y": 0, 
        "id": "1187912567909216"
    }, 
    "id": "196686993698450", 
    "phone": "0712 3219305", 
    "link": "https://www.facebook.com/calibersnova/", 
    "location": {
        "city": "Nagpur", 
        "zip": "440008", 
        "country": "India", 
        "longitude": "79.112448335", 
        "street": "zenda squre", 
        "latitude": "21.14440468"
    }, 
    "is_verified": false, 
    "emails": [
        "calibernova@gmail.com"
    ], 
    "name": "Calibers NOVA"
}

167  -->  Motion
	QUERY :  Motion

168  -->  Talent1 Coaching Classes
	QUERY :  Talent1 Coaching Classes

169  -->  Javed Sirs Buniyadi Adhyapan
	QUERY :  Javed Sirs Buniyadi Adhyapan
	 PINCODE MATCHED ***
{
    "description": "Coaching classes for 8th to 10th (all subjects)(cbse/state)", 
    "cover": {
        "source": "https://scontent.xx.fbcdn.net/t31.0-8/s720x720/13320656_782010931898379_8877818429217145545_o.jpg", 
        "cover_id": "782010931898379", 
        "offset_x": 0, 
        "offset_y": 0, 
        "id": "782010931898379"
    }, 
    "id": "115767651856047", 
    "phone": "9371788882", 
    "link": "https://www.facebook.com/javed.buniyadiadhyapan/", 
    "location": {
        "city": "Nagpur", 
        "zip": "440027", 
        "country": "India", 
        "longitude": "79.099100232124", 
        "street": "309 vishwakarma nagar", 
        "latitude": "21.122990665092"
    }, 
    "is_verified": false, 
    "emails": [
        "md_javed8@yahoo.co.in"
    ], 
    "name": "Javed sir's Buniyadi Adhyapan"
}

170  -->  Bhange Academy
	QUERY :  Bhange Academy

171  -->  WLCI College India Ltd.
	QUERY :  WLCI College India Ltd.

172  -->  CTET Guidance Point
	QUERY :  CTET Guidance Point

173  -->  Narayana Coaching Classes
	QUERY :  Narayana Coaching Classes

174  -->  SG Tutorials
	QUERY :  SG Tutorials

175  -->  CAPS Education India Pvt. Ltd.
	QUERY :  CAPS Education India Pvt. Ltd.

176  -->  Tally Tuitions & Accounting Services
	QUERY :  Tally Tuitions & Accounting Services

177  -->  Tawani Tutorials
	QUERY :  Tawani Tutorials

178  -->  New Learning Horizon
	QUERY :  New Learning Horizon
	 PINCODE MATCHED ***
{
    "website": "http://www.nlhnagpur.info", 
    "description": "Learn Teach & Earn. join us an city planners distributors or as unit franchise. with Artistic Calligraphy, ACEM abacus, Smart English Grammar&activity program and Aryans Vedic Math.", 
    "cover": {
        "source": "https://scontent.xx.fbcdn.net/t31.0-8/s720x720/14324658_1444775432206491_187863449851590528_o.jpg", 
        "cover_id": "1444775432206491", 
        "offset_x": 0, 
        "offset_y": 50, 
        "id": "1444775432206491"
    }, 
    "id": "149095208441193", 
    "phone": "09373111311", 
    "link": "https://www.facebook.com/newlearninghorizons/", 
    "location": {
        "city": "Nagpur", 
        "zip": "440001", 
        "country": "India", 
        "longitude": "79.0724487", 
        "street": "9 Anjuman Complex Sadar", 
        "latitude": "21.1601009"
    }, 
    "is_verified": false, 
    "emails": [
        "nlhnagpur@yahoo.in"
    ], 
    "name": "New Learning Horizons"
}

179  -->  Sneha Tuition Center
	QUERY :  Sneha Tuition Center

180  -->  Vidyarthi Mitra Educare
	QUERY :  Vidyarthi Mitra Educare

181  -->  Daswani Classes Ltd.
	QUERY :  Daswani Classes Ltd.

182  -->  S Academy
	QUERY :  S Academy

183  -->  Vidyarthi Mitra Coaching Classes
	QUERY :  Vidyarthi Mitra Coaching Classes

184  -->  Akash Educationl Academy
	QUERY :  Akash Educationl Academy

185  -->  The Center Of Learning
	QUERY :  The Center Of Learning

186  -->  New MBA Zone
	QUERY :  New MBA Zone

187  -->  Ahmed classes
	QUERY :  Ahmed classes

188  -->  Mehta Commerce Classes
	QUERY :  Mehta Commerce Classes
	 PINCODE MATCHED ***
{
    "website": "www.mehtacommerceclasses.com", 
    "description": "-Classes For Commerce Students of B.B.A., B.C.C.A. AND B.com.\n\n-SPECIAL ENGLISH BATCHES FOR 11TH AND 12TH STUDENTS WITH THE TEACHINGS OF OTHERS SUBJECTS.", 
    "cover": {
        "source": "https://scontent.xx.fbcdn.net/t31.0-8/s720x720/980903_532448250125263_275773399_o.jpg", 
        "cover_id": "532448250125263", 
        "offset_x": 0, 
        "offset_y": 63, 
        "id": "532448250125263"
    }, 
    "id": "173679212668837", 
    "phone": "9371302334", 
    "link": "https://www.facebook.com/mehtacommerceclasses/", 
    "location": {
        "city": "Nagpur", 
        "zip": "440001", 
        "country": "India", 
        "longitude": "79.0686111", 
        "street": "civil lines", 
        "latitude": "21.1492596"
    }, 
    "is_verified": false, 
    "emails": [
        "mehtacommerceclasses@gmail.com"
    ], 
    "name": "Mehta Commerce Classes"
}

189  -->  IIM Gurukul
	QUERY :  IIM Gurukul

190  -->  Friends Academy Of Commerce Education
	QUERY :  Friends Academy Of Commerce Education

191  -->  Shrikant Tutorials
	QUERY :  Shrikant Tutorials

192  -->  Jwalas Maths Classes
	QUERY :  Jwalas Maths Classes

193  -->  Rama Brahmam IIT Academy
	QUERY :  Rama Brahmam IIT Academy

194  -->  Saraswati Career Academy
	QUERY :  Saraswati Career Academy

195  -->  Bamnote Career Acadamy
	QUERY :  Bamnote Career Acadamy

196  -->  Gawande Engineering Classes
	QUERY :  Gawande Engineering Classes

197  -->  Amars Engineering Drawing Class
	QUERY :  Amars Engineering Drawing Class

198  -->  Mak Academy
	QUERY :  Mak Academy

199  -->  Guidance Tutorials
	QUERY :  Guidance Tutorials

200  -->  Interactive Teaching Institute
	QUERY :  Interactive Teaching Institute
	 PINCODE MATCHED ***
{
    "website": "http://www.interactive.org.in", 
    "description": "The Interactive Teaching Institute is an institute with a difference. And the difference is its unique and organized way of teaching which helps the student in discovering their intelligence. The Institute has been offering state-of-the-art preparation to its students for various competitive examinations. Since 1986, the Interactive Teaching Institute is one of the most reputed coaching centers in Central India.", 
    "cover": {
        "source": "https://scontent.xx.fbcdn.net/v/t1.0-9/s720x720/10897981_760171280732936_7871757546069815348_n.jpg?oh=2e840c39bcb8dc5d41dba5a6f7e5c2f7&oe=58ABC827", 
        "cover_id": "760171280732936", 
        "offset_x": 0, 
        "offset_y": 100, 
        "id": "760171280732936"
    }, 
    "id": "435552089861525", 
    "phone": "7722030399", 
    "link": "https://www.facebook.com/interactive.org.in/", 
    "location": {
        "city": "Nagpur", 
        "zip": "440010", 
        "country": "India", 
        "longitude": "79.068276424408", 
        "street": "40, Kachipura, Ramdaspeth", 
        "latitude": "21.133594619317"
    }, 
    "is_verified": false, 
    "emails": [
        "info@interactive.org.in"
    ], 
    "name": "Interactive Teaching Institute"
}

201  -->  Bedi Science Academy New Ramdaspeth
	QUERY :  Bedi Science Academy New Ramdaspeth

202  -->  Dr. Modak Sir Coaching Classes
	QUERY :  Dr. Modak Sir Coaching Classes

203  -->  Advanced Institute of Accounts & Taxation Pvt. Ltd.
	QUERY :  Advanced Institute of Accounts & Taxation Pvt. Ltd.

204  -->  Scorpio Systems
	QUERY :  Scorpio Systems

205  -->  Rathore Coaching Classes
	QUERY :  Rathore Coaching Classes

206  -->  Imperial Education Coaching
	QUERY :  Imperial Education Coaching

207  -->  Motion IIT-JEE Courses
	QUERY :  Motion IIT-JEE Courses

208  -->  Perfect Spoken English & Personality Development
	QUERY :  Perfect Spoken English & Personality Development
	 PINCODE MATCHED ***
{
    "description": "Perfect Spoken English and Personality Development Institute (since 1986 with money back guarantee)offers tailored  and intensive courses IN \u2013\n\n\u2022\tBasic English\n\u2022\tAdvance English\n\u2022\tWritten English\n\u2022\tSpoken English.\n\u2022\tBusiness communicative English.\n\u2022\tLinguistic and Phonetics training (accent training).\n\u2022\tSoft skill training and\n\u2022\tcampus recruitment training.\nIt offers its services in group and private from school going child studying in 1st std. to the corporate world. IT sectors, hospitals, colleges, and schools. Get in touch for classes, tailored training or for FRANCHISE at 9823050567 9405143875 ( sudhaagrawal12@gmail.com) at Mhada complex, Amravati road, near Bhole petrol pump, civil lines, NAGPUR. 440 001\n", 
    "cover": {
        "source": "https://scontent.xx.fbcdn.net/t31.0-0/p180x540/277947_453626251365191_482690871_o.jpg", 
        "cover_id": "453626251365191", 
        "offset_x": 0, 
        "offset_y": 30, 
        "id": "453626251365191"
    }, 
    "id": "451800848214398", 
    "phone": "9823050567", 
    "link": "https://www.facebook.com/PerfectAcademy/", 
    "location": {
        "city": "Nagpur", 
        "zip": "440001", 
        "country": "India", 
        "longitude": "79.07752", 
        "street": "civil lines", 
        "latitude": "21.14873"
    }, 
    "is_verified": false, 
    "emails": [
        "sudhaagrawal12@gmail.com"
    ], 
    "name": "Perfect Spoken English and Personality Development"
}

209  -->  Eduhub Classes
	QUERY :  Eduhub Classes

210  -->  Ascendant Learning Center Pvt. Ltd.
	QUERY :  Ascendant Learning Center Pvt. Ltd.

211  -->  Gawande Classes
	QUERY :  Gawande Classes
	 PINCODE MATCHED ***
{
    "website": "http://gawandeclasses.com", 
    "description": "We will provide a proper support to our students and clients. By gaining an understanding of their needs, we can arrange targeted service so that they achieves their specific goals. We continuously apply best faculties to our teaching techniques, technological advancements and system... ", 
    "id": "196949953730060", 
    "phone": "09822467690", 
    "link": "https://www.facebook.com/kcgawandeclasses/", 
    "location": {
        "city": "Nagpur", 
        "zip": "440008", 
        "country": "India", 
        "longitude": "79.12137", 
        "street": "Beside Chinteshwar temple, Queta Colony, Lakadganj", 
        "latitude": "21.15087"
    }, 
    "is_verified": false, 
    "emails": [
        "kcgawandeclasses@gmail.com"
    ], 
    "name": "Gawande Classes"
}

212  -->  Indian School of Finance & Accounts
	QUERY :  Indian School of Finance & Accounts

213  -->  Institute of Innovative Designs & Techology
	QUERY :  Institute of Innovative Designs & Techology

214  -->  Creative Business Techniques
	QUERY :  Creative Business Techniques

215  -->  IIT Inception
	QUERY :  IIT Inception

216  -->  Apex Institute of Management & Technology
	QUERY :  Apex Institute of Management & Technology

217  -->  Jains Academy For Professional Courses
	QUERY :  Jains Academy For Professional Courses
	 PINCODE MATCHED ***
{
    "website": "http://jainsacademy.blogspot.com/", 
    "name": "Jain's Academy For Professional Courses", 
    "cover": {
        "source": "https://scontent.xx.fbcdn.net/t31.0-8/s720x720/12719360_510304072464752_3858528461439004716_o.jpg", 
        "cover_id": "510304072464752", 
        "offset_x": 0, 
        "offset_y": 0, 
        "id": "510304072464752"
    }, 
    "phone": "0712-2584899", 
    "link": "https://www.facebook.com/jainsacademynagpur/", 
    "location": {
        "city": "Nagpur", 
        "zip": "440001", 
        "country": "India", 
        "longitude": "79.0724487", 
        "street": "Block No. 4, 2nd Floor, Bajaj Wing, Mangalwari Complex,  Sadar", 
        "latitude": "21.1601009"
    }, 
    "is_verified": false, 
    "id": "339947499500411"
}

218  -->  English Vinglish
	QUERY :  English Vinglish

219  -->  Abhinav Spoken English Academy
	QUERY :  Abhinav Spoken English Academy

220  -->  Kawale Sir English Academy
	QUERY :  Kawale Sir English Academy
	 PINCODE MATCHED ***
{
    "website": "http://www.kawalesir.com", 
    "name": "Kawale Sir English Academyy", 
    "cover": {
        "source": "https://scontent.xx.fbcdn.net/t31.0-8/s720x720/1614007_1513385612302648_997599540872578295_o.jpg", 
        "cover_id": "1513385612302648", 
        "offset_x": 0, 
        "offset_y": 0, 
        "id": "1513385612302648"
    }, 
    "id": "1507439766230566", 
    "link": "https://www.facebook.com/Kawalesir/", 
    "location": {
        "city": "Nagpur", 
        "zip": "440009", 
        "country": "India", 
        "longitude": "79.11942", 
        "street": "Hanuman Nagar, Nandanwan, Wardha Road", 
        "latitude": "21.13611"
    }, 
    "is_verified": false, 
    "emails": [
        "career@kawalesir.com"
    ]
}

221  -->  Delhi Academy of Medical Science
	QUERY :  Delhi Academy of Medical Science

222  -->  Ngpa College
	QUERY :  Ngpa College

223  -->  Svg Institute of Professional Courses Medical Squa
	QUERY :  Svg Institute of Professional Courses Medical Squa

224  -->  Ifbi Centre
	QUERY :  Ifbi Centre

225  -->  ICA
	QUERY :  ICA

226  -->  Pro C Education Pvt. Ltd.
	QUERY :  Pro C Education Pvt. Ltd.

227  -->  Oxford Speakers Academy
	QUERY :  Oxford Speakers Academy
	 PINCODE MATCHED ***
{
    "website": "http://oxfordindia.com", 
    "name": "Oxford Speakers' Academy", 
    "cover": {
        "source": "https://scontent.xx.fbcdn.net/t31.0-8/s720x720/901112_105195283008818_1548564076_o.jpg", 
        "cover_id": "105195283008818", 
        "offset_x": 0, 
        "offset_y": 36, 
        "id": "105195283008818"
    }, 
    "id": "104995149695498", 
    "link": "https://www.facebook.com/OxfordSpeakersAcademy/", 
    "location": {
        "city": "Nagpur", 
        "zip": "440012", 
        "country": "India", 
        "longitude": "79.08251", 
        "street": "1st floor, Khullar Chambers, Munje square, sitaburdi", 
        "latitude": "21.14151"
    }, 
    "is_verified": false, 
    "emails": [
        "oxford.india@yahoo.co.in"
    ]
}

228  -->  Achievers Tutorials
	QUERY :  Achievers Tutorials

229  -->  Gen Study
	QUERY :  Gen Study

230  -->  Dhronas Competative Academy
	QUERY :  Dhronas Competative Academy

231  -->  Integra Eduventure
	QUERY :  Integra Eduventure

232  -->  Interactive Teaching Institute
	QUERY :  Interactive Teaching Institute

233  -->  Indian Institute of Foreign Languages
	QUERY :  Indian Institute of Foreign Languages

234  -->  Pyramid Tutorials
	QUERY :  Pyramid Tutorials

235  -->  NU Academy
	QUERY :  NU Academy

236  -->  Ishwar Tution Classes
	QUERY :  Ishwar Tution Classes

237  -->  Institute of Competitive Exam
	QUERY :  Institute of Competitive Exam

238  -->  Techno Coaching Classes
	QUERY :  Techno Coaching Classes

239  -->  T.I.M.E.
	QUERY :  T.I.M.E.

240  -->  T.I.M.E.
	QUERY :  T.I.M.E.

241  -->  Focus Competition Zone Dadar
	QUERY :  Focus Competition Zone Dadar

242  -->  Yashshree Competition Zone
	QUERY :  Yashshree Competition Zone

243  -->  English Tutor
	QUERY :  English Tutor

244  -->  Chate Coaching Classes
	QUERY :  Chate Coaching Classes

245  -->  Maa Tapti Education Services
	QUERY :  Maa Tapti Education Services

246  -->  Arkin Institute
	QUERY :  Arkin Institute

247  -->  Bandewars Shri Gajanan Tuition Classes
	QUERY :  Bandewars Shri Gajanan Tuition Classes

248  -->  Pagay Coaching Centre
	QUERY :  Pagay Coaching Centre

249  -->  Hakimi Computer Institute
	QUERY :  Hakimi Computer Institute

250  -->  Radheytech Solution
	QUERY :  Radheytech Solution

251  -->  Yash Acdamey IIT Kota Pvt. Ltd.
	QUERY :  Yash Acdamey IIT Kota Pvt. Ltd.

252  -->  Chikhalkar Edu Classes
	QUERY :  Chikhalkar Edu Classes

253  -->  BE Polytechnic coaching classes
	QUERY :  BE Polytechnic coaching classes

254  -->  Home Tuitions
	QUERY :  Home Tuitions

255  -->  Firefly E-Ventures Ltd.
	QUERY :  Firefly E-Ventures Ltd.

256  -->  ProActive IT Services Pvt. Ltd.
	QUERY :  ProActive IT Services Pvt. Ltd.

257  -->  Banker
	QUERY :  Banker

258  -->  MBW - Passion Meets Revolution
	QUERY :  MBW - Passion Meets Revolution

259  -->  Titans Learning
	QUERY :  Titans Learning

260  -->  Krishna Consultants
	QUERY :  Krishna Consultants
	 PINCODE MATCHED ***
{
    "website": "http://studies-overseas.com", 
    "name": "Krishna Consultants, Nagpur", 
    "link": "https://www.facebook.com/pages/Krishna-Consultants-Nagpur/149943948382369", 
    "location": {
        "latitude": "21.121420833333", 
        "city": "Nagpur", 
        "zip": "440022", 
        "longitude": "79.048077283333", 
        "country": "India"
    }, 
    "is_verified": false, 
    "id": "149943948382369"
}

261  -->  MEZPA
	QUERY :  MEZPA
	 PINCODE MATCHED ***
{
    "website": "http://www.mezpa.com", 
    "name": "MEZPA", 
    "cover": {
        "source": "https://scontent.xx.fbcdn.net/v/t1.0-9/s720x720/10730225_563862347122957_8793103586862119833_n.jpg?oh=7a0715f1ef5f4b0c0fe75b1df5cd59cb&oe=586E5E91", 
        "cover_id": "563862347122957", 
        "offset_x": 0, 
        "offset_y": 0, 
        "id": "563862347122957"
    }, 
    "phone": "7276977788", 
    "link": "https://www.facebook.com/mezpaindia/", 
    "location": {
        "city": "Nagpur", 
        "zip": "440022", 
        "country": "India", 
        "longitude": "79.04327", 
        "street": "3rd floor, Shri Sai appt, ring road, Pratap nagar", 
        "latitude": "21.11399"
    }, 
    "is_verified": false, 
    "id": "270574553118406"
}


New Info Added from Facebook
Details:22 Facebook Link:51 Cover:40 
Website:17 Pincode:2 Address:14 Images:48 Verified 0/51 Phone:42 Emails:23

MATCHED :  27
PROBABLE :  24
NO MATCH :  209
